have_header: checking for ruby/thread.h... -------------------- yes

"/usr/bin/clang -o conftest -I/Users/muthu/.rvm/rubies/ruby-2.0.0-p0/include/ruby-2.0.0/x86_64-darwin13.0.0 -I/Users/muthu/.rvm/rubies/ruby-2.0.0-p0/include/ruby-2.0.0/ruby/backward -I/Users/muthu/.rvm/rubies/ruby-2.0.0-p0/include/ruby-2.0.0 -I. -D_XOPEN_SOURCE -D_DARWIN_C_SOURCE -D_DARWIN_UNLIMITED_SELECT -D_REENTRANT -I/opt/local/include    -O3 -fno-fast-math -ggdb3 -Wall -Wextra -Wno-unused-parameter -Wno-parentheses -Wno-long-long -Wno-missing-field-initializers -Wunused-variable -Wpointer-arith -Wwrite-strings -Wdeclaration-after-statement -Wshorten-64-to-32 -Wimplicit-function-declaration  -fno-common -pipe conftest.c  -L. -L/Users/muthu/.rvm/rubies/ruby-2.0.0-p0/lib -L/opt/local/lib -L. -fstack-protector -L/opt/local/lib      -lruby.2.0.0  -lpthread -ldl -lobjc "
checked program was:
/* begin */
1: #include "ruby.h"
2: 
3: int main(void) {return 0;}
/* end */

"/usr/bin/clang -E -I/Users/muthu/.rvm/rubies/ruby-2.0.0-p0/include/ruby-2.0.0/x86_64-darwin13.0.0 -I/Users/muthu/.rvm/rubies/ruby-2.0.0-p0/include/ruby-2.0.0/ruby/backward -I/Users/muthu/.rvm/rubies/ruby-2.0.0-p0/include/ruby-2.0.0 -I. -D_XOPEN_SOURCE -D_DARWIN_C_SOURCE -D_DARWIN_UNLIMITED_SELECT -D_REENTRANT -I/opt/local/include    -O3 -fno-fast-math -ggdb3 -Wall -Wextra -Wno-unused-parameter -Wno-parentheses -Wno-long-long -Wno-missing-field-initializers -Wunused-variable -Wpointer-arith -Wwrite-strings -Wdeclaration-after-statement -Wshorten-64-to-32 -Wimplicit-function-declaration  -fno-common -pipe  conftest.c -o conftest.i"
checked program was:
/* begin */
1: #include "ruby.h"
2: 
3: #include <ruby/thread.h>
/* end */

--------------------

have_func: checking for rb_thread_call_without_gvl() in ruby/thread.h... -------------------- yes

"/usr/bin/clang -o conftest -I/Users/muthu/.rvm/rubies/ruby-2.0.0-p0/include/ruby-2.0.0/x86_64-darwin13.0.0 -I/Users/muthu/.rvm/rubies/ruby-2.0.0-p0/include/ruby-2.0.0/ruby/backward -I/Users/muthu/.rvm/rubies/ruby-2.0.0-p0/include/ruby-2.0.0 -I. -D_XOPEN_SOURCE -D_DARWIN_C_SOURCE -D_DARWIN_UNLIMITED_SELECT -D_REENTRANT -I/opt/local/include    -O3 -fno-fast-math -ggdb3 -Wall -Wextra -Wno-unused-parameter -Wno-parentheses -Wno-long-long -Wno-missing-field-initializers -Wunused-variable -Wpointer-arith -Wwrite-strings -Wdeclaration-after-statement -Wshorten-64-to-32 -Wimplicit-function-declaration  -fno-common -pipe conftest.c  -L. -L/Users/muthu/.rvm/rubies/ruby-2.0.0-p0/lib -L/opt/local/lib -L. -fstack-protector -L/opt/local/lib      -lruby.2.0.0  -lpthread -ldl -lobjc "
checked program was:
/* begin */
1: #include "ruby.h"
2: 
3: #include <ruby/thread.h>
4: 
5: /*top*/
6: int main(void) {return 0;}
7: extern int t(void);
8: int t(void) { void ((*volatile p)()); p = (void ((*)()))rb_thread_call_without_gvl; return 0; }
/* end */

--------------------

have_func: checking for rb_thread_blocking_region()... -------------------- yes

"/usr/bin/clang -o conftest -I/Users/muthu/.rvm/rubies/ruby-2.0.0-p0/include/ruby-2.0.0/x86_64-darwin13.0.0 -I/Users/muthu/.rvm/rubies/ruby-2.0.0-p0/include/ruby-2.0.0/ruby/backward -I/Users/muthu/.rvm/rubies/ruby-2.0.0-p0/include/ruby-2.0.0 -I. -D_XOPEN_SOURCE -D_DARWIN_C_SOURCE -D_DARWIN_UNLIMITED_SELECT -D_REENTRANT -I/opt/local/include    -O3 -fno-fast-math -ggdb3 -Wall -Wextra -Wno-unused-parameter -Wno-parentheses -Wno-long-long -Wno-missing-field-initializers -Wunused-variable -Wpointer-arith -Wwrite-strings -Wdeclaration-after-statement -Wshorten-64-to-32 -Wimplicit-function-declaration  -fno-common -pipe conftest.c  -L. -L/Users/muthu/.rvm/rubies/ruby-2.0.0-p0/lib -L/opt/local/lib -L. -fstack-protector -L/opt/local/lib      -lruby.2.0.0  -lpthread -ldl -lobjc "
conftest.c:6:57: warning: 'rb_thread_blocking_region' is deprecated [-Wdeprecated-declarations]
int t(void) { void ((*volatile p)()); p = (void ((*)()))rb_thread_blocking_region; return 0; }
                                                        ^
/Users/muthu/.rvm/rubies/ruby-2.0.0-p0/include/ruby-2.0.0/ruby/intern.h:830:18: note: 'rb_thread_blocking_region' declared here
DEPRECATED(VALUE rb_thread_blocking_region(rb_blocking_function_t *func, void *data1,
                 ^
/Users/muthu/.rvm/rubies/ruby-2.0.0-p0/include/ruby-2.0.0/x86_64-darwin13.0.0/ruby/config.h:67:52: note: expanded from macro 'DEPRECATED'
#define DEPRECATED(x) __attribute__ ((deprecated)) x
                                                   ^
1 warning generated.
checked program was:
/* begin */
1: #include "ruby.h"
2: 
3: /*top*/
4: int main(void) {return 0;}
5: extern int t(void);
6: int t(void) { void ((*volatile p)()); p = (void ((*)()))rb_thread_blocking_region; return 0; }
/* end */

--------------------

have_func: checking for rb_wait_for_single_fd()... -------------------- yes

"/usr/bin/clang -o conftest -I/Users/muthu/.rvm/rubies/ruby-2.0.0-p0/include/ruby-2.0.0/x86_64-darwin13.0.0 -I/Users/muthu/.rvm/rubies/ruby-2.0.0-p0/include/ruby-2.0.0/ruby/backward -I/Users/muthu/.rvm/rubies/ruby-2.0.0-p0/include/ruby-2.0.0 -I. -D_XOPEN_SOURCE -D_DARWIN_C_SOURCE -D_DARWIN_UNLIMITED_SELECT -D_REENTRANT -I/opt/local/include    -O3 -fno-fast-math -ggdb3 -Wall -Wextra -Wno-unused-parameter -Wno-parentheses -Wno-long-long -Wno-missing-field-initializers -Wunused-variable -Wpointer-arith -Wwrite-strings -Wdeclaration-after-statement -Wshorten-64-to-32 -Wimplicit-function-declaration  -fno-common -pipe conftest.c  -L. -L/Users/muthu/.rvm/rubies/ruby-2.0.0-p0/lib -L/opt/local/lib -L. -fstack-protector -L/opt/local/lib      -lruby.2.0.0  -lpthread -ldl -lobjc "
conftest.c:6:57: error: use of undeclared identifier 'rb_wait_for_single_fd'
int t(void) { void ((*volatile p)()); p = (void ((*)()))rb_wait_for_single_fd; return 0; }
                                                        ^
1 error generated.
checked program was:
/* begin */
1: #include "ruby.h"
2: 
3: /*top*/
4: int main(void) {return 0;}
5: extern int t(void);
6: int t(void) { void ((*volatile p)()); p = (void ((*)()))rb_wait_for_single_fd; return 0; }
/* end */

"/usr/bin/clang -o conftest -I/Users/muthu/.rvm/rubies/ruby-2.0.0-p0/include/ruby-2.0.0/x86_64-darwin13.0.0 -I/Users/muthu/.rvm/rubies/ruby-2.0.0-p0/include/ruby-2.0.0/ruby/backward -I/Users/muthu/.rvm/rubies/ruby-2.0.0-p0/include/ruby-2.0.0 -I. -D_XOPEN_SOURCE -D_DARWIN_C_SOURCE -D_DARWIN_UNLIMITED_SELECT -D_REENTRANT -I/opt/local/include    -O3 -fno-fast-math -ggdb3 -Wall -Wextra -Wno-unused-parameter -Wno-parentheses -Wno-long-long -Wno-missing-field-initializers -Wunused-variable -Wpointer-arith -Wwrite-strings -Wdeclaration-after-statement -Wshorten-64-to-32 -Wimplicit-function-declaration  -fno-common -pipe conftest.c  -L. -L/Users/muthu/.rvm/rubies/ruby-2.0.0-p0/lib -L/opt/local/lib -L. -fstack-protector -L/opt/local/lib      -lruby.2.0.0  -lpthread -ldl -lobjc "
conftest.c:6:15: warning: implicit declaration of function 'rb_wait_for_single_fd' is invalid in C99 [-Wimplicit-function-declaration]
int t(void) { rb_wait_for_single_fd(); return 0; }
              ^
1 warning generated.
checked program was:
/* begin */
1: #include "ruby.h"
2: 
3: /*top*/
4: int main(void) {return 0;}
5: extern int t(void);
6: int t(void) { rb_wait_for_single_fd(); return 0; }
/* end */

--------------------

have_func: checking for rb_hash_dup()... -------------------- yes

"/usr/bin/clang -o conftest -I/Users/muthu/.rvm/rubies/ruby-2.0.0-p0/include/ruby-2.0.0/x86_64-darwin13.0.0 -I/Users/muthu/.rvm/rubies/ruby-2.0.0-p0/include/ruby-2.0.0/ruby/backward -I/Users/muthu/.rvm/rubies/ruby-2.0.0-p0/include/ruby-2.0.0 -I. -D_XOPEN_SOURCE -D_DARWIN_C_SOURCE -D_DARWIN_UNLIMITED_SELECT -D_REENTRANT -I/opt/local/include    -O3 -fno-fast-math -ggdb3 -Wall -Wextra -Wno-unused-parameter -Wno-parentheses -Wno-long-long -Wno-missing-field-initializers -Wunused-variable -Wpointer-arith -Wwrite-strings -Wdeclaration-after-statement -Wshorten-64-to-32 -Wimplicit-function-declaration  -fno-common -pipe conftest.c  -L. -L/Users/muthu/.rvm/rubies/ruby-2.0.0-p0/lib -L/opt/local/lib -L. -fstack-protector -L/opt/local/lib      -lruby.2.0.0  -lpthread -ldl -lobjc "
checked program was:
/* begin */
1: #include "ruby.h"
2: 
3: /*top*/
4: int main(void) {return 0;}
5: extern int t(void);
6: int t(void) { void ((*volatile p)()); p = (void ((*)()))rb_hash_dup; return 0; }
/* end */

--------------------

have_func: checking for rb_intern3()... -------------------- yes

"/usr/bin/clang -o conftest -I/Users/muthu/.rvm/rubies/ruby-2.0.0-p0/include/ruby-2.0.0/x86_64-darwin13.0.0 -I/Users/muthu/.rvm/rubies/ruby-2.0.0-p0/include/ruby-2.0.0/ruby/backward -I/Users/muthu/.rvm/rubies/ruby-2.0.0-p0/include/ruby-2.0.0 -I. -D_XOPEN_SOURCE -D_DARWIN_C_SOURCE -D_DARWIN_UNLIMITED_SELECT -D_REENTRANT -I/opt/local/include    -O3 -fno-fast-math -ggdb3 -Wall -Wextra -Wno-unused-parameter -Wno-parentheses -Wno-long-long -Wno-missing-field-initializers -Wunused-variable -Wpointer-arith -Wwrite-strings -Wdeclaration-after-statement -Wshorten-64-to-32 -Wimplicit-function-declaration  -fno-common -pipe conftest.c  -L. -L/Users/muthu/.rvm/rubies/ruby-2.0.0-p0/lib -L/opt/local/lib -L. -fstack-protector -L/opt/local/lib      -lruby.2.0.0  -lpthread -ldl -lobjc "
conftest.c:6:57: error: use of undeclared identifier 'rb_intern3'
int t(void) { void ((*volatile p)()); p = (void ((*)()))rb_intern3; return 0; }
                                                        ^
1 error generated.
checked program was:
/* begin */
1: #include "ruby.h"
2: 
3: /*top*/
4: int main(void) {return 0;}
5: extern int t(void);
6: int t(void) { void ((*volatile p)()); p = (void ((*)()))rb_intern3; return 0; }
/* end */

"/usr/bin/clang -o conftest -I/Users/muthu/.rvm/rubies/ruby-2.0.0-p0/include/ruby-2.0.0/x86_64-darwin13.0.0 -I/Users/muthu/.rvm/rubies/ruby-2.0.0-p0/include/ruby-2.0.0/ruby/backward -I/Users/muthu/.rvm/rubies/ruby-2.0.0-p0/include/ruby-2.0.0 -I. -D_XOPEN_SOURCE -D_DARWIN_C_SOURCE -D_DARWIN_UNLIMITED_SELECT -D_REENTRANT -I/opt/local/include    -O3 -fno-fast-math -ggdb3 -Wall -Wextra -Wno-unused-parameter -Wno-parentheses -Wno-long-long -Wno-missing-field-initializers -Wunused-variable -Wpointer-arith -Wwrite-strings -Wdeclaration-after-statement -Wshorten-64-to-32 -Wimplicit-function-declaration  -fno-common -pipe conftest.c  -L. -L/Users/muthu/.rvm/rubies/ruby-2.0.0-p0/lib -L/opt/local/lib -L. -fstack-protector -L/opt/local/lib      -lruby.2.0.0  -lpthread -ldl -lobjc "
conftest.c:6:15: warning: implicit declaration of function 'rb_intern3' is invalid in C99 [-Wimplicit-function-declaration]
int t(void) { rb_intern3(); return 0; }
              ^
1 warning generated.
checked program was:
/* begin */
1: #include "ruby.h"
2: 
3: /*top*/
4: int main(void) {return 0;}
5: extern int t(void);
6: int t(void) { rb_intern3(); return 0; }
/* end */

--------------------

have_header: checking for mysql.h... -------------------- yes

"/usr/bin/clang -E -I/Users/muthu/.rvm/rubies/ruby-2.0.0-p0/include/ruby-2.0.0/x86_64-darwin13.0.0 -I/Users/muthu/.rvm/rubies/ruby-2.0.0-p0/include/ruby-2.0.0/ruby/backward -I/Users/muthu/.rvm/rubies/ruby-2.0.0-p0/include/ruby-2.0.0 -I. -I/usr/local/mysql/include -D_XOPEN_SOURCE -D_DARWIN_C_SOURCE -D_DARWIN_UNLIMITED_SELECT -D_REENTRANT -I/opt/local/include    -O3 -fno-fast-math -ggdb3 -Wall -Wextra -Wno-unused-parameter -Wno-parentheses -Wno-long-long -Wno-missing-field-initializers -Wunused-variable -Wpointer-arith -Wwrite-strings -Wdeclaration-after-statement -Wshorten-64-to-32 -Wimplicit-function-declaration  -fno-common -pipe  conftest.c -o conftest.i"
checked program was:
/* begin */
1: #include "ruby.h"
2: 
3: #include <mysql.h>
/* end */

--------------------

have_header: checking for errmsg.h... -------------------- yes

"/usr/bin/clang -E -I/Users/muthu/.rvm/rubies/ruby-2.0.0-p0/include/ruby-2.0.0/x86_64-darwin13.0.0 -I/Users/muthu/.rvm/rubies/ruby-2.0.0-p0/include/ruby-2.0.0/ruby/backward -I/Users/muthu/.rvm/rubies/ruby-2.0.0-p0/include/ruby-2.0.0 -I. -I/usr/local/mysql/include -D_XOPEN_SOURCE -D_DARWIN_C_SOURCE -D_DARWIN_UNLIMITED_SELECT -D_REENTRANT -I/opt/local/include    -O3 -fno-fast-math -ggdb3 -Wall -Wextra -Wno-unused-parameter -Wno-parentheses -Wno-long-long -Wno-missing-field-initializers -Wunused-variable -Wpointer-arith -Wwrite-strings -Wdeclaration-after-statement -Wshorten-64-to-32 -Wimplicit-function-declaration  -fno-common -pipe  conftest.c -o conftest.i"
checked program was:
/* begin */
1: #include "ruby.h"
2: 
3: #include <errmsg.h>
/* end */

--------------------

have_header: checking for mysqld_error.h... -------------------- yes

"/usr/bin/clang -E -I/Users/muthu/.rvm/rubies/ruby-2.0.0-p0/include/ruby-2.0.0/x86_64-darwin13.0.0 -I/Users/muthu/.rvm/rubies/ruby-2.0.0-p0/include/ruby-2.0.0/ruby/backward -I/Users/muthu/.rvm/rubies/ruby-2.0.0-p0/include/ruby-2.0.0 -I. -I/usr/local/mysql/include -D_XOPEN_SOURCE -D_DARWIN_C_SOURCE -D_DARWIN_UNLIMITED_SELECT -D_REENTRANT -I/opt/local/include    -O3 -fno-fast-math -ggdb3 -Wall -Wextra -Wno-unused-parameter -Wno-parentheses -Wno-long-long -Wno-missing-field-initializers -Wunused-variable -Wpointer-arith -Wwrite-strings -Wdeclaration-after-statement -Wshorten-64-to-32 -Wimplicit-function-declaration  -fno-common -pipe  conftest.c -o conftest.i"
checked program was:
/* begin */
1: #include "ruby.h"
2: 
3: #include <mysqld_error.h>
/* end */

--------------------

"/usr/bin/clang -o conftest -I/Users/muthu/.rvm/rubies/ruby-2.0.0-p0/include/ruby-2.0.0/x86_64-darwin13.0.0 -I/Users/muthu/.rvm/rubies/ruby-2.0.0-p0/include/ruby-2.0.0/ruby/backward -I/Users/muthu/.rvm/rubies/ruby-2.0.0-p0/include/ruby-2.0.0 -I. -I/usr/local/mysql/include -D_XOPEN_SOURCE -D_DARWIN_C_SOURCE -D_DARWIN_UNLIMITED_SELECT -D_REENTRANT -I/opt/local/include    -O3 -fno-fast-math -ggdb3 -Wall -Wextra -Wno-unused-parameter -Wno-parentheses -Wno-long-long -Wno-missing-field-initializers -Wunused-variable -Wpointer-arith -Wwrite-strings -Wdeclaration-after-statement -Wshorten-64-to-32 -Wimplicit-function-declaration  -fno-common -pipe conftest.c  -L. -L/Users/muthu/.rvm/rubies/ruby-2.0.0-p0/lib -L/opt/local/lib -L. -fstack-protector -L/opt/local/lib     -L/usr/local/mysql/lib -lmysqlclient  -lruby.2.0.0  -Wall -funroll-loops -lpthread -ldl -lobjc "
checked program was:
/* begin */
1: #include "ruby.h"
2: 
3: int main() {return 0;}
/* end */

"/usr/bin/clang -o conftest -I/Users/muthu/.rvm/rubies/ruby-2.0.0-p0/include/ruby-2.0.0/x86_64-darwin13.0.0 -I/Users/muthu/.rvm/rubies/ruby-2.0.0-p0/include/ruby-2.0.0/ruby/backward -I/Users/muthu/.rvm/rubies/ruby-2.0.0-p0/include/ruby-2.0.0 -I. -I/usr/local/mysql/include -D_XOPEN_SOURCE -D_DARWIN_C_SOURCE -D_DARWIN_UNLIMITED_SELECT -D_REENTRANT -I/opt/local/include    -O3 -fno-fast-math -ggdb3 -Wall -Wextra -Wno-unused-parameter -Wno-parentheses -Wno-long-long -Wno-missing-field-initializers -Wunused-variable -Wpointer-arith -Wwrite-strings -Wdeclaration-after-statement -Wshorten-64-to-32 -Wimplicit-function-declaration  -fno-common -pipe -Wall -funroll-loops conftest.c  -L. -L/Users/muthu/.rvm/rubies/ruby-2.0.0-p0/lib -L/opt/local/lib -L. -fstack-protector -L/opt/local/lib     -L/usr/local/mysql/lib -lmysqlclient  -lruby.2.0.0  -Wl,-rpath,/usr/local/mysql/lib -lpthread -ldl -lobjc "
checked program was:
/* begin */
1: #include "ruby.h"
2: 
3: int main() {return 0;}
/* end */

